#
# There is insufficient memory for the Java Runtime Environment to continue.
# Native memory allocation (mmap) failed to map 179306496 bytes for G1 virtual space
# Possible reasons:
#   The system is out of physical RAM or swap space
#   The process is running with CompressedOops enabled, and the Java Heap may be blocking the growth of the native heap
# Possible solutions:
#   Reduce memory load on the system
#   Increase physical memory or swap space
#   Check if swap backing store is full
#   Decrease Java heap size (-Xmx/-Xms)
#   Decrease number of Java threads
#   Decrease Java thread stack sizes (-Xss)
#   Set larger code cache with -XX:ReservedCodeCacheSize=
#   JVM is running with Unscaled Compressed Oops mode in which the Java heap is
#     placed in the first 4GB address space. The Java Heap base address is the
#     maximum limit for the native heap growth. Please use -XX:HeapBaseMinAddress
#     to set the Java Heap base and to place the Java Heap above 4GB virtual address.
# This output file may be truncated or incomplete.
#
#  Out of Memory Error (os_windows.cpp:3536), pid=3600, tid=21632
#
# JRE version: Java(TM) SE Runtime Environment (19.0.2+7) (build 19.0.2+7-44)
# Java VM: Java HotSpot(TM) 64-Bit Server VM (19.0.2+7-44, mixed mode, sharing, tiered, compressed oops, compressed class ptrs, g1 gc, windows-amd64)
# No core dump will be written. Minidumps are not enabled by default on client versions of Windows
#

---------------  S U M M A R Y ------------

Command Line: org.languagetool.server.HTTPServer -p 8081

Host: 11th Gen Intel(R) Core(TM) i5-1135G7 @ 2.40GHz, 8 cores, 7G,  Windows 11 , 64 bit Build 22621 (10.0.22621.4391)
Time: Fri Feb 21 22:22:52 2025 India Standard Time elapsed time: 1.743856 seconds (0d 0h 0m 1s)

---------------  T H R E A D  ---------------

Current thread (0x000001c87d2f0e50):  VMThread "VM Thread" [stack: 0x00000062ef200000,0x00000062ef300000] [id=21632]

Stack: [0x00000062ef200000,0x00000062ef300000]
Native frames: (J=compiled Java code, j=interpreted, Vv=VM code, C=native code)
V  [jvm.dll+0x6ee21a]
V  [jvm.dll+0x85765e]
V  [jvm.dll+0x85904e]
V  [jvm.dll+0x859703]
V  [jvm.dll+0x28298f]
V  [jvm.dll+0x6eb009]
V  [jvm.dll+0x6dfbaa]
V  [jvm.dll+0x3573f6]
V  [jvm.dll+0x35ee56]
V  [jvm.dll+0x3b541e]
V  [jvm.dll+0x3b564f]
V  [jvm.dll+0x32c9ea]
V  [jvm.dll+0x32ca97]
V  [jvm.dll+0x374cd2]
V  [jvm.dll+0x37340f]
V  [jvm.dll+0x32c210]
V  [jvm.dll+0x3729ab]
V  [jvm.dll+0x85ebc3]
V  [jvm.dll+0x85f989]
V  [jvm.dll+0x85febd]
V  [jvm.dll+0x86034b]
V  [jvm.dll+0x860407]
V  [jvm.dll+0x80125a]
V  [jvm.dll+0x6ecf0b]
C  [ucrtbase.dll+0x29333]
C  [KERNEL32.DLL+0x1259d]
C  [ntdll.dll+0x5af38]

VM_Operation (0x00000062eecfd0a0): G1CollectForAllocation, mode: safepoint, requested by thread 0x000001c86bbbd800


---------------  P R O C E S S  ---------------

Threads class SMR info:
_java_thread_list=0x000001c87e245990, length=15, elements={
0x000001c86bbbd800, 0x000001c87d30cb50, 0x000001c87d30d740, 0x000001c87d30e420,
0x000001c87d3105f0, 0x000001c87d311010, 0x000001c87d313a40, 0x000001c87d314790,
0x000001c87d3168b0, 0x000001c87d324d10, 0x000001c87d5552b0, 0x000001c87d55e290,
0x000001c87db44780, 0x000001c87e255680, 0x000001c87e344de0
}

Java Threads: ( => current thread )
  0x000001c86bbbd800 JavaThread "main" [_thread_blocked, id=20540, stack(0x00000062eec00000,0x00000062eed00000)]
  0x000001c87d30cb50 JavaThread "Reference Handler" daemon [_thread_blocked, id=20968, stack(0x00000062ef300000,0x00000062ef400000)]
  0x000001c87d30d740 JavaThread "Finalizer" daemon [_thread_blocked, id=27752, stack(0x00000062ef400000,0x00000062ef500000)]
  0x000001c87d30e420 JavaThread "Signal Dispatcher" daemon [_thread_blocked, id=3896, stack(0x00000062ef500000,0x00000062ef600000)]
  0x000001c87d3105f0 JavaThread "Attach Listener" daemon [_thread_blocked, id=27452, stack(0x00000062ef600000,0x00000062ef700000)]
  0x000001c87d311010 JavaThread "Service Thread" daemon [_thread_blocked, id=25288, stack(0x00000062ef700000,0x00000062ef800000)]
  0x000001c87d313a40 JavaThread "Monitor Deflation Thread" daemon [_thread_blocked, id=28616, stack(0x00000062ef800000,0x00000062ef900000)]
  0x000001c87d314790 JavaThread "C2 CompilerThread0" daemon [_thread_blocked, id=20364, stack(0x00000062ef900000,0x00000062efa00000)]
  0x000001c87d3168b0 JavaThread "C1 CompilerThread0" daemon [_thread_blocked, id=4304, stack(0x00000062efa00000,0x00000062efb00000)]
  0x000001c87d324d10 JavaThread "Sweeper thread" daemon [_thread_blocked, id=21164, stack(0x00000062efb00000,0x00000062efc00000)]
  0x000001c87d5552b0 JavaThread "Notification Thread" daemon [_thread_blocked, id=12968, stack(0x00000062efc00000,0x00000062efd00000)]
  0x000001c87d55e290 JavaThread "Common-Cleaner" daemon [_thread_blocked, id=26516, stack(0x00000062efe00000,0x00000062eff00000)]
  0x000001c87db44780 JavaThread "C2 CompilerThread1" daemon [_thread_blocked, id=7460, stack(0x00000062eff00000,0x00000062f0000000)]
  0x000001c87e255680 JavaThread "LtThreadPoolMonitor" daemon [_thread_blocked, id=30424, stack(0x00000062f0000000,0x00000062f0100000)]
  0x000001c87e344de0 JavaThread "LtThreadPoolExecutorMonitor" daemon [_thread_blocked, id=24128, stack(0x00000062f0100000,0x00000062f0200000)]

Other Threads:
=>0x000001c87d2f0e50 VMThread "VM Thread" [stack: 0x00000062ef200000,0x00000062ef300000] [id=21632]
  0x000001c87d55d820 WatcherThread "VM Periodic Task Thread" [stack: 0x00000062efd00000,0x00000062efe00000] [id=23852]
  0x000001c86dcf1300 WorkerThread "GC Thread#0" [stack: 0x00000062eed00000,0x00000062eee00000] [id=7236]
  0x000001c87e385230 WorkerThread "GC Thread#1" [stack: 0x00000062f0200000,0x00000062f0300000] [id=15620]
  0x000001c87e344180 WorkerThread "GC Thread#2" [stack: 0x00000062f0300000,0x00000062f0400000] [id=15104]
  0x000001c87e40f160 WorkerThread "GC Thread#3" [stack: 0x00000062f0400000,0x00000062f0500000] [id=17068]
  0x000001c87e40e350 WorkerThread "GC Thread#4" [stack: 0x00000062f0500000,0x00000062f0600000] [id=16544]
  0x000001c87e40e620 WorkerThread "GC Thread#5" [stack: 0x00000062f0600000,0x00000062f0700000] [id=18232]
  0x000001c87e40e8f0 WorkerThread "GC Thread#6" [stack: 0x00000062f0700000,0x00000062f0800000] [id=22028]
  0x000001c87e40f430 WorkerThread "GC Thread#7" [stack: 0x00000062f0800000,0x00000062f0900000] [id=4372]
  0x000001c86dd02a30 ConcurrentGCThread "G1 Main Marker" [stack: 0x00000062eee00000,0x00000062eef00000] [id=14500]
  0x000001c86dd03460 WorkerThread "G1 Conc#0" [stack: 0x00000062eef00000,0x00000062ef000000] [id=12212]
  0x000001c87d1a9110 ConcurrentGCThread "G1 Refine#0" [stack: 0x00000062ef000000,0x00000062ef100000] [id=2360]
  0x000001c87d1aac60 ConcurrentGCThread "G1 Service" [stack: 0x00000062ef100000,0x00000062ef200000] [id=29860]

Threads with active compile tasks:
C2 CompilerThread0     1778 1521 % !   4       org.languagetool.language.identifier.detector.CommonWordsDetector::<init> @ 253 (531 bytes)

VM state: at safepoint (normal execution)

VM Mutex/Monitor currently owned by a thread:  ([mutex/lock_event])
[0x000001c86dc91e10] Threads_lock - owner thread: 0x000001c87d2f0e50
[0x000001c86dc911b0] Heap_lock - owner thread: 0x000001c86bbbd800

Heap address: 0x0000000084200000, size: 1982 MB, Compressed Oops mode: 32-bit

CDS archive(s) mapped at: [0x0000000800000000-0x0000000800c40000-0x0000000800c40000), size 12845056, SharedBaseAddress: 0x0000000800000000, ArchiveRelocationMode: 0.
Compressed class space mapped at: 0x0000000801000000-0x0000000841000000, reserved size: 1073741824
Narrow klass base: 0x0000000800000000, Narrow klass shift: 0, Narrow klass range: 0x100000000

GC Precious Log:
 CardTable entry size: 512
 Card Set container configuration: InlinePtr #cards 5 size 8 Array Of Cards #cards 12 size 40 Howl #buckets 4 coarsen threshold 1843 Howl Bitmap #cards 512 size 80 coarsen threshold 460 Card regions per heap region 1 cards per card region 2048
 CPUs: 8 total, 8 available
 Memory: 7926M
 Large Page Support: Disabled
 NUMA Support: Disabled
 Compressed Oops: Enabled (32-bit)
 Heap Region Size: 1M
 Heap Min Capacity: 8M
 Heap Initial Capacity: 124M
 Heap Max Capacity: 1982M
 Pre-touch: Disabled
 Parallel Workers: 8
 Concurrent Workers: 2
 Concurrent Refinement Workers: 8
 Periodic GC: Disabled

Heap:
 garbage-first heap   total 126976K, used 26544K [0x0000000084200000, 0x0000000100000000)
  region size 1024K, 7 young (7168K), 7 survivors (7168K)
 Metaspace       used 10073K, committed 10240K, reserved 1114112K
  class space    used 1105K, committed 1216K, reserved 1048576K

Heap Regions: E=young(eden), S=young(survivor), O=old, HS=humongous(starts), HC=humongous(continues), CS=collection set, F=free, OA=open archive, CA=closed archive, TAMS=top-at-mark-start (previous, next)
|   0|0x0000000084200000, 0x0000000084300000, 0x0000000084300000|100%| O|  |TAMS 0x0000000084200000, 0x0000000084200000| Untracked 
|   1|0x0000000084300000, 0x0000000084400000, 0x0000000084400000|100%| O|  |TAMS 0x0000000084300000, 0x0000000084300000| Untracked 
|   2|0x0000000084400000, 0x0000000084500000, 0x0000000084500000|100%| O|  |TAMS 0x0000000084400000, 0x0000000084400000| Untracked 
|   3|0x0000000084500000, 0x0000000084600000, 0x0000000084600000|100%| O|  |TAMS 0x0000000084500000, 0x0000000084500000| Untracked 
|   4|0x0000000084600000, 0x0000000084700000, 0x0000000084700000|100%| O|  |TAMS 0x0000000084600000, 0x0000000084600000| Untracked 
|   5|0x0000000084700000, 0x0000000084800000, 0x0000000084800000|100%| O|  |TAMS 0x0000000084700000, 0x0000000084700000| Untracked 
|   6|0x0000000084800000, 0x0000000084900000, 0x0000000084900000|100%| O|  |TAMS 0x0000000084800000, 0x0000000084800000| Untracked 
|   7|0x0000000084900000, 0x0000000084a00000, 0x0000000084a00000|100%| O|  |TAMS 0x0000000084900000, 0x0000000084900000| Untracked 
|   8|0x0000000084a00000, 0x0000000084b00000, 0x0000000084b00000|100%|HS|  |TAMS 0x0000000084a00000, 0x0000000084a00000| Complete 
|   9|0x0000000084b00000, 0x0000000084c00000, 0x0000000084c00000|100%| O|  |TAMS 0x0000000084b00000, 0x0000000084b00000| Untracked 
|  10|0x0000000084c00000, 0x0000000084d00000, 0x0000000084d00000|100%| O|  |TAMS 0x0000000084c00000, 0x0000000084c00000| Untracked 
|  11|0x0000000084d00000, 0x0000000084e00000, 0x0000000084e00000|100%| O|  |TAMS 0x0000000084d00000, 0x0000000084d00000| Untracked 
|  12|0x0000000084e00000, 0x0000000084f00000, 0x0000000084f00000|100%| O|  |TAMS 0x0000000084e00000, 0x0000000084e00000| Untracked 
|  13|0x0000000084f00000, 0x0000000085000000, 0x0000000085000000|100%| O|  |TAMS 0x0000000084f00000, 0x0000000084f00000| Untracked 
|  14|0x0000000085000000, 0x0000000085100000, 0x0000000085100000|100%| O|  |TAMS 0x0000000085000000, 0x0000000085000000| Untracked 
|  15|0x0000000085100000, 0x0000000085200000, 0x0000000085200000|100%| O|  |TAMS 0x0000000085100000, 0x0000000085100000| Untracked 
|  16|0x0000000085200000, 0x0000000085300000, 0x0000000085300000|100%| O|  |TAMS 0x0000000085200000, 0x0000000085200000| Untracked 
|  17|0x0000000085300000, 0x0000000085400000, 0x0000000085400000|100%| O|  |TAMS 0x0000000085300000, 0x0000000085300000| Untracked 
|  18|0x0000000085400000, 0x00000000854ec000, 0x0000000085500000| 92%| O|  |TAMS 0x0000000085400000, 0x0000000085400000| Untracked 
|  19|0x0000000085500000, 0x0000000085500000, 0x0000000085600000|  0%| F|  |TAMS 0x0000000085500000, 0x0000000085500000| Untracked 
|  20|0x0000000085600000, 0x0000000085600000, 0x0000000085700000|  0%| F|  |TAMS 0x0000000085600000, 0x0000000085600000| Untracked 
|  21|0x0000000085700000, 0x0000000085700000, 0x0000000085800000|  0%| F|  |TAMS 0x0000000085700000, 0x0000000085700000| Untracked 
|  22|0x0000000085800000, 0x0000000085800000, 0x0000000085900000|  0%| F|  |TAMS 0x0000000085800000, 0x0000000085800000| Untracked 
|  23|0x0000000085900000, 0x0000000085900000, 0x0000000085a00000|  0%| F|  |TAMS 0x0000000085900000, 0x0000000085900000| Untracked 
|  24|0x0000000085a00000, 0x0000000085a00000, 0x0000000085b00000|  0%| F|  |TAMS 0x0000000085a00000, 0x0000000085a00000| Untracked 
|  25|0x0000000085b00000, 0x0000000085b00000, 0x0000000085c00000|  0%| F|  |TAMS 0x0000000085b00000, 0x0000000085b00000| Untracked 
|  26|0x0000000085c00000, 0x0000000085c00000, 0x0000000085d00000|  0%| F|  |TAMS 0x0000000085c00000, 0x0000000085c00000| Untracked 
|  27|0x0000000085d00000, 0x0000000085d00000, 0x0000000085e00000|  0%| F|  |TAMS 0x0000000085d00000, 0x0000000085d00000| Untracked 
|  28|0x0000000085e00000, 0x0000000085e00000, 0x0000000085f00000|  0%| F|  |TAMS 0x0000000085e00000, 0x0000000085e00000| Untracked 
|  29|0x0000000085f00000, 0x0000000085f00000, 0x0000000086000000|  0%| F|  |TAMS 0x0000000085f00000, 0x0000000085f00000| Untracked 
|  30|0x0000000086000000, 0x0000000086000000, 0x0000000086100000|  0%| F|  |TAMS 0x0000000086000000, 0x0000000086000000| Untracked 
|  31|0x0000000086100000, 0x0000000086100000, 0x0000000086200000|  0%| F|  |TAMS 0x0000000086100000, 0x0000000086100000| Untracked 
|  32|0x0000000086200000, 0x0000000086200000, 0x0000000086300000|  0%| F|  |TAMS 0x0000000086200000, 0x0000000086200000| Untracked 
|  33|0x0000000086300000, 0x0000000086300000, 0x0000000086400000|  0%| F|  |TAMS 0x0000000086300000, 0x0000000086300000| Untracked 
|  34|0x0000000086400000, 0x0000000086400000, 0x0000000086500000|  0%| F|  |TAMS 0x0000000086400000, 0x0000000086400000| Untracked 
|  35|0x0000000086500000, 0x0000000086500000, 0x0000000086600000|  0%| F|  |TAMS 0x0000000086500000, 0x0000000086500000| Untracked 
|  36|0x0000000086600000, 0x0000000086600000, 0x0000000086700000|  0%| F|  |TAMS 0x0000000086600000, 0x0000000086600000| Untracked 
|  37|0x0000000086700000, 0x0000000086700000, 0x0000000086800000|  0%| F|  |TAMS 0x0000000086700000, 0x0000000086700000| Untracked 
|  38|0x0000000086800000, 0x0000000086800000, 0x0000000086900000|  0%| F|  |TAMS 0x0000000086800000, 0x0000000086800000| Untracked 
|  39|0x0000000086900000, 0x0000000086900000, 0x0000000086a00000|  0%| F|  |TAMS 0x0000000086900000, 0x0000000086900000| Untracked 
|  40|0x0000000086a00000, 0x0000000086a00000, 0x0000000086b00000|  0%| F|  |TAMS 0x0000000086a00000, 0x0000000086a00000| Untracked 
|  41|0x0000000086b00000, 0x0000000086b00000, 0x0000000086c00000|  0%| F|  |TAMS 0x0000000086b00000, 0x0000000086b00000| Untracked 
|  42|0x0000000086c00000, 0x0000000086c00000, 0x0000000086d00000|  0%| F|  |TAMS 0x0000000086c00000, 0x0000000086c00000| Untracked 
|  43|0x0000000086d00000, 0x0000000086e00000, 0x0000000086e00000|100%| S|CS|TAMS 0x0000000086d00000, 0x0000000086d00000| Complete 
|  44|0x0000000086e00000, 0x0000000086f00000, 0x0000000086f00000|100%| S|CS|TAMS 0x0000000086e00000, 0x0000000086e00000| Complete 
|  45|0x0000000086f00000, 0x0000000087000000, 0x0000000087000000|100%| S|CS|TAMS 0x0000000086f00000, 0x0000000086f00000| Complete 
|  46|0x0000000087000000, 0x0000000087000000, 0x0000000087100000|  0%| F|  |TAMS 0x0000000087000000, 0x0000000087000000| Untracked 
|  47|0x0000000087100000, 0x0000000087100000, 0x0000000087200000|  0%| F|  |TAMS 0x0000000087100000, 0x0000000087100000| Untracked 
|  48|0x0000000087200000, 0x0000000087200000, 0x0000000087300000|  0%| F|  |TAMS 0x0000000087200000, 0x0000000087200000| Untracked 
|  49|0x0000000087300000, 0x0000000087300000, 0x0000000087400000|  0%| F|  |TAMS 0x0000000087300000, 0x0000000087300000| Untracked 
|  50|0x0000000087400000, 0x0000000087400000, 0x0000000087500000|  0%| F|  |TAMS 0x0000000087400000, 0x0000000087400000| Untracked 
|  51|0x0000000087500000, 0x0000000087500000, 0x0000000087600000|  0%| F|  |TAMS 0x0000000087500000, 0x0000000087500000| Untracked 
|  52|0x0000000087600000, 0x0000000087700000, 0x0000000087700000|100%| S|CS|TAMS 0x0000000087600000, 0x0000000087600000| Complete 
|  53|0x0000000087700000, 0x0000000087800000, 0x0000000087800000|100%| S|CS|TAMS 0x0000000087700000, 0x0000000087700000| Complete 
|  54|0x0000000087800000, 0x0000000087900000, 0x0000000087900000|100%| S|CS|TAMS 0x0000000087800000, 0x0000000087800000| Complete 
|  55|0x0000000087900000, 0x0000000087a00000, 0x0000000087a00000|100%| S|CS|TAMS 0x0000000087900000, 0x0000000087900000| Complete 
|  56|0x0000000087a00000, 0x0000000087a00000, 0x0000000087b00000|  0%| F|  |TAMS 0x0000000087a00000, 0x0000000087a00000| Untracked 
|  57|0x0000000087b00000, 0x0000000087b00000, 0x0000000087c00000|  0%| F|  |TAMS 0x0000000087b00000, 0x0000000087b00000| Untracked 
|  58|0x0000000087c00000, 0x0000000087c00000, 0x0000000087d00000|  0%| F|  |TAMS 0x0000000087c00000, 0x0000000087c00000| Untracked 
|  59|0x0000000087d00000, 0x0000000087d00000, 0x0000000087e00000|  0%| F|  |TAMS 0x0000000087d00000, 0x0000000087d00000| Untracked 
|  60|0x0000000087e00000, 0x0000000087e00000, 0x0000000087f00000|  0%| F|  |TAMS 0x0000000087e00000, 0x0000000087e00000| Untracked 
|  61|0x0000000087f00000, 0x0000000087f00000, 0x0000000088000000|  0%| F|  |TAMS 0x0000000087f00000, 0x0000000087f00000| Untracked 
|  62|0x0000000088000000, 0x0000000088000000, 0x0000000088100000|  0%| F|  |TAMS 0x0000000088000000, 0x0000000088000000| Untracked 
|  63|0x0000000088100000, 0x0000000088100000, 0x0000000088200000|  0%| F|  |TAMS 0x0000000088100000, 0x0000000088100000| Untracked 
|  64|0x0000000088200000, 0x0000000088200000, 0x0000000088300000|  0%| F|  |TAMS 0x0000000088200000, 0x0000000088200000| Untracked 
|  65|0x0000000088300000, 0x0000000088300000, 0x0000000088400000|  0%| F|  |TAMS 0x0000000088300000, 0x0000000088300000| Untracked 
|  66|0x0000000088400000, 0x0000000088400000, 0x0000000088500000|  0%| F|  |TAMS 0x0000000088400000, 0x0000000088400000| Untracked 
|  67|0x0000000088500000, 0x0000000088500000, 0x0000000088600000|  0%| F|  |TAMS 0x0000000088500000, 0x0000000088500000| Untracked 
|  68|0x0000000088600000, 0x0000000088600000, 0x0000000088700000|  0%| F|  |TAMS 0x0000000088600000, 0x0000000088600000| Untracked 
|  69|0x0000000088700000, 0x0000000088700000, 0x0000000088800000|  0%| F|  |TAMS 0x0000000088700000, 0x0000000088700000| Untracked 
|  70|0x0000000088800000, 0x0000000088800000, 0x0000000088900000|  0%| F|  |TAMS 0x0000000088800000, 0x0000000088800000| Untracked 
|  71|0x0000000088900000, 0x0000000088900000, 0x0000000088a00000|  0%| F|  |TAMS 0x0000000088900000, 0x0000000088900000| Untracked 
|  72|0x0000000088a00000, 0x0000000088a00000, 0x0000000088b00000|  0%| F|  |TAMS 0x0000000088a00000, 0x0000000088a00000| Untracked 
|  73|0x0000000088b00000, 0x0000000088b00000, 0x0000000088c00000|  0%| F|  |TAMS 0x0000000088b00000, 0x0000000088b00000| Untracked 
|  74|0x0000000088c00000, 0x0000000088c00000, 0x0000000088d00000|  0%| F|  |TAMS 0x0000000088c00000, 0x0000000088c00000| Untracked 
|  75|0x0000000088d00000, 0x0000000088d00000, 0x0000000088e00000|  0%| F|  |TAMS 0x0000000088d00000, 0x0000000088d00000| Untracked 
|  76|0x0000000088e00000, 0x0000000088e00000, 0x0000000088f00000|  0%| F|  |TAMS 0x0000000088e00000, 0x0000000088e00000| Untracked 
|  77|0x0000000088f00000, 0x0000000088f00000, 0x0000000089000000|  0%| F|  |TAMS 0x0000000088f00000, 0x0000000088f00000| Untracked 
|  78|0x0000000089000000, 0x0000000089000000, 0x0000000089100000|  0%| F|  |TAMS 0x0000000089000000, 0x0000000089000000| Untracked 
|  79|0x0000000089100000, 0x0000000089100000, 0x0000000089200000|  0%| F|  |TAMS 0x0000000089100000, 0x0000000089100000| Untracked 
|  80|0x0000000089200000, 0x0000000089200000, 0x0000000089300000|  0%| F|  |TAMS 0x0000000089200000, 0x0000000089200000| Untracked 
|  81|0x0000000089300000, 0x0000000089300000, 0x0000000089400000|  0%| F|  |TAMS 0x0000000089300000, 0x0000000089300000| Untracked 
|  82|0x0000000089400000, 0x0000000089400000, 0x0000000089500000|  0%| F|  |TAMS 0x0000000089400000, 0x0000000089400000| Untracked 
|  83|0x0000000089500000, 0x0000000089500000, 0x0000000089600000|  0%| F|  |TAMS 0x0000000089500000, 0x0000000089500000| Untracked 
|  84|0x0000000089600000, 0x0000000089600000, 0x0000000089700000|  0%| F|  |TAMS 0x0000000089600000, 0x0000000089600000| Untracked 
|  85|0x0000000089700000, 0x0000000089700000, 0x0000000089800000|  0%| F|  |TAMS 0x0000000089700000, 0x0000000089700000| Untracked 
|  86|0x0000000089800000, 0x0000000089800000, 0x0000000089900000|  0%| F|  |TAMS 0x0000000089800000, 0x0000000089800000| Untracked 
|  87|0x0000000089900000, 0x0000000089900000, 0x0000000089a00000|  0%| F|  |TAMS 0x0000000089900000, 0x0000000089900000| Untracked 
|  88|0x0000000089a00000, 0x0000000089a00000, 0x0000000089b00000|  0%| F|  |TAMS 0x0000000089a00000, 0x0000000089a00000| Untracked 
|  89|0x0000000089b00000, 0x0000000089b00000, 0x0000000089c00000|  0%| F|  |TAMS 0x0000000089b00000, 0x0000000089b00000| Untracked 
|  90|0x0000000089c00000, 0x0000000089c00000, 0x0000000089d00000|  0%| F|  |TAMS 0x0000000089c00000, 0x0000000089c00000| Untracked 
|  91|0x0000000089d00000, 0x0000000089d00000, 0x0000000089e00000|  0%| F|  |TAMS 0x0000000089d00000, 0x0000000089d00000| Untracked 
|  92|0x0000000089e00000, 0x0000000089e00000, 0x0000000089f00000|  0%| F|  |TAMS 0x0000000089e00000, 0x0000000089e00000| Untracked 
|  93|0x0000000089f00000, 0x0000000089f00000, 0x000000008a000000|  0%| F|  |TAMS 0x0000000089f00000, 0x0000000089f00000| Untracked 
|  94|0x000000008a000000, 0x000000008a000000, 0x000000008a100000|  0%| F|  |TAMS 0x000000008a000000, 0x000000008a000000| Untracked 
|  95|0x000000008a100000, 0x000000008a100000, 0x000000008a200000|  0%| F|  |TAMS 0x000000008a100000, 0x000000008a100000| Untracked 
|  96|0x000000008a200000, 0x000000008a200000, 0x000000008a300000|  0%| F|  |TAMS 0x000000008a200000, 0x000000008a200000| Untracked 
|  97|0x000000008a300000, 0x000000008a300000, 0x000000008a400000|  0%| F|  |TAMS 0x000000008a300000, 0x000000008a300000| Untracked 
|  98|0x000000008a400000, 0x000000008a400000, 0x000000008a500000|  0%| F|  |TAMS 0x000000008a400000, 0x000000008a400000| Untracked 
|  99|0x000000008a500000, 0x000000008a500000, 0x000000008a600000|  0%| F|  |TAMS 0x000000008a500000, 0x000000008a500000| Untracked 
| 100|0x000000008a600000, 0x000000008a600000, 0x000000008a700000|  0%| F|  |TAMS 0x000000008a600000, 0x000000008a600000| Untracked 
| 101|0x000000008a700000, 0x000000008a700000, 0x000000008a800000|  0%| F|  |TAMS 0x000000008a700000, 0x000000008a700000| Untracked 
| 102|0x000000008a800000, 0x000000008a800000, 0x000000008a900000|  0%| F|  |TAMS 0x000000008a800000, 0x000000008a800000| Untracked 
| 103|0x000000008a900000, 0x000000008a900000, 0x000000008aa00000|  0%| F|  |TAMS 0x000000008a900000, 0x000000008a900000| Untracked 
| 104|0x000000008aa00000, 0x000000008aa00000, 0x000000008ab00000|  0%| F|  |TAMS 0x000000008aa00000, 0x000000008aa00000| Untracked 
| 105|0x000000008ab00000, 0x000000008ab00000, 0x000000008ac00000|  0%| F|  |TAMS 0x000000008ab00000, 0x000000008ab00000| Untracked 
| 106|0x000000008ac00000, 0x000000008ac00000, 0x000000008ad00000|  0%| F|  |TAMS 0x000000008ac00000, 0x000000008ac00000| Untracked 
| 107|0x000000008ad00000, 0x000000008ad00000, 0x000000008ae00000|  0%| F|  |TAMS 0x000000008ad00000, 0x000000008ad00000| Untracked 
| 108|0x000000008ae00000, 0x000000008ae00000, 0x000000008af00000|  0%| F|  |TAMS 0x000000008ae00000, 0x000000008ae00000| Untracked 
| 109|0x000000008af00000, 0x000000008af00000, 0x000000008b000000|  0%| F|  |TAMS 0x000000008af00000, 0x000000008af00000| Untracked 
| 110|0x000000008b000000, 0x000000008b000000, 0x000000008b100000|  0%| F|  |TAMS 0x000000008b000000, 0x000000008b000000| Untracked 
| 111|0x000000008b100000, 0x000000008b100000, 0x000000008b200000|  0%| F|  |TAMS 0x000000008b100000, 0x000000008b100000| Untracked 
| 112|0x000000008b200000, 0x000000008b200000, 0x000000008b300000|  0%| F|  |TAMS 0x000000008b200000, 0x000000008b200000| Untracked 
| 113|0x000000008b300000, 0x000000008b300000, 0x000000008b400000|  0%| F|  |TAMS 0x000000008b300000, 0x000000008b300000| Untracked 
| 114|0x000000008b400000, 0x000000008b400000, 0x000000008b500000|  0%| F|  |TAMS 0x000000008b400000, 0x000000008b400000| Untracked 
| 115|0x000000008b500000, 0x000000008b500000, 0x000000008b600000|  0%| F|  |TAMS 0x000000008b500000, 0x000000008b500000| Untracked 
| 116|0x000000008b600000, 0x000000008b600000, 0x000000008b700000|  0%| F|  |TAMS 0x000000008b600000, 0x000000008b600000| Untracked 
| 117|0x000000008b700000, 0x000000008b700000, 0x000000008b800000|  0%| F|  |TAMS 0x000000008b700000, 0x000000008b700000| Untracked 
| 118|0x000000008b800000, 0x000000008b800000, 0x000000008b900000|  0%| F|  |TAMS 0x000000008b800000, 0x000000008b800000| Untracked 
| 119|0x000000008b900000, 0x000000008b900000, 0x000000008ba00000|  0%| F|  |TAMS 0x000000008b900000, 0x000000008b900000| Untracked 
| 120|0x000000008ba00000, 0x000000008ba00000, 0x000000008bb00000|  0%| F|  |TAMS 0x000000008ba00000, 0x000000008ba00000| Untracked 
| 121|0x000000008bb00000, 0x000000008bb00000, 0x000000008bc00000|  0%| F|  |TAMS 0x000000008bb00000, 0x000000008bb00000| Untracked 
| 122|0x000000008bc00000, 0x000000008bc00000, 0x000000008bd00000|  0%| F|  |TAMS 0x000000008bc00000, 0x000000008bc00000| Untracked 
| 123|0x000000008bd00000, 0x000000008bd00000, 0x000000008be00000|  0%| F|  |TAMS 0x000000008bd00000, 0x000000008bd00000| Untracked 

Card table byte_map: [0x000001c876310000,0x000001c8766f0000] _byte_map_base: 0x000001c875eef000

Marking Bits (Prev, Next): (CMBitMap*) 0x000001c86dcf1930, (CMBitMap*) 0x000001c86dcf1970
 Prev Bits: [0x000001c876ad0000, 0x000001c8789c8000)
 Next Bits: [0x000001c8789d0000, 0x000001c87a8c8000)

Polling page: 0x000001c86bc00000

Metaspace:

Usage:
  Non-class:      8.76 MB used.
      Class:      1.08 MB used.
       Both:      9.84 MB used.

Virtual space:
  Non-class space:       64.00 MB reserved,       8.81 MB ( 14%) committed,  1 nodes.
      Class space:        1.00 GB reserved,       1.19 MB ( <1%) committed,  1 nodes.
             Both:        1.06 GB reserved,      10.00 MB ( <1%) committed. 

Chunk freelists:
   Non-Class:  2.51 MB
       Class:  2.65 MB
        Both:  5.16 MB

MaxMetaspaceSize: unlimited
CompressedClassSpaceSize: 1.00 GB
Initial GC threshold: 21.00 MB
Current GC threshold: 21.00 MB
CDS: on
MetaspaceReclaimPolicy: balanced
 - commit_granule_bytes: 65536.
 - commit_granule_words: 8192.
 - virtual_space_node_default_size: 8388608.
 - enlarge_chunks_in_place: 1.
 - new_chunks_are_fully_committed: 0.
 - uncommit_free_chunks: 1.
 - use_allocation_guard: 0.


Internal statistics:

num_allocs_failed_limit: 0.
num_arena_births: 96.
num_arena_deaths: 0.
num_vsnodes_births: 2.
num_vsnodes_deaths: 0.
num_space_committed: 159.
num_space_uncommitted: 0.
num_chunks_returned_to_freelist: 0.
num_chunks_taken_from_freelist: 283.
num_chunk_merges: 0.
num_chunk_splits: 183.
num_chunks_enlarged: 146.
num_inconsistent_stats: 0.

CodeHeap 'non-profiled nmethods': size=120000Kb used=652Kb max_used=652Kb free=119347Kb
 bounds [0x000001c807ad0000, 0x000001c807d40000, 0x000001c80f000000]
CodeHeap 'profiled nmethods': size=120000Kb used=2895Kb max_used=2895Kb free=117104Kb
 bounds [0x000001c800000000, 0x000001c8002e0000, 0x000001c807530000]
CodeHeap 'non-nmethods': size=5760Kb used=1306Kb max_used=1344Kb free=4453Kb
 bounds [0x000001c807530000, 0x000001c8077a0000, 0x000001c807ad0000]
 total_blobs=2035 nmethods=1521 adapters=425
 compilation: enabled
              stopped_count=0, restarted_count=0
 full_count=0

Compilation events (20 events):
Event: 1.690 Thread 0x000001c87d314790 1514       4       java.util.LinkedList::contains (14 bytes)
Event: 1.691 Thread 0x000001c87d314790 nmethod 1514 0x000001c807b71c10 code [0x000001c807b71da0, 0x000001c807b71ed8]
Event: 1.691 Thread 0x000001c87d314790 1515       4       java.util.LinkedList::indexOf (73 bytes)
Event: 1.692 Thread 0x000001c87db44780 nmethod 1513 0x000001c807b72010 code [0x000001c807b721a0, 0x000001c807b72558]
Event: 1.692 Thread 0x000001c87d314790 nmethod 1515 0x000001c807b72790 code [0x000001c807b72920, 0x000001c807b72a38]
Event: 1.698 Thread 0x000001c87d3168b0 1516       3       java.lang.String::substring (10 bytes)
Event: 1.698 Thread 0x000001c87d3168b0 nmethod 1516 0x000001c8002cbd10 code [0x000001c8002cbec0, 0x000001c8002cc108]
Event: 1.699 Thread 0x000001c87d3168b0 1517       3       java.util.stream.PipelineHelper::<init> (5 bytes)
Event: 1.699 Thread 0x000001c87d3168b0 nmethod 1517 0x000001c8002cc210 code [0x000001c8002cc3c0, 0x000001c8002cc518]
Event: 1.699 Thread 0x000001c87d3168b0 1518       3       java.util.stream.AbstractPipeline::isParallel (8 bytes)
Event: 1.699 Thread 0x000001c87d3168b0 nmethod 1518 0x000001c8002cc610 code [0x000001c8002cc7a0, 0x000001c8002cc8b8]
Event: 1.699 Thread 0x000001c87d3168b0 1519       1       java.lang.StringLatin1$CharsSpliterator::characteristics (5 bytes)
Event: 1.699 Thread 0x000001c87d3168b0 nmethod 1519 0x000001c807b72b10 code [0x000001c807b72ca0, 0x000001c807b72d58]
Event: 1.709 Thread 0x000001c87d3168b0 1520       3       java.nio.HeapByteBuffer::ix (7 bytes)
Event: 1.709 Thread 0x000001c87d3168b0 nmethod 1520 0x000001c8002cc990 code [0x000001c8002ccb20, 0x000001c8002ccc38]
Event: 1.710 Thread 0x000001c87d314790 1521 % !   4       org.languagetool.language.identifier.detector.CommonWordsDetector::<init> @ 253 (531 bytes)
Event: 1.712 Thread 0x000001c87db44780 1522       4       java.lang.CharacterDataLatin1::getProperties (11 bytes)
Event: 1.713 Thread 0x000001c87db44780 nmethod 1522 0x000001c807b72e10 code [0x000001c807b72fa0, 0x000001c807b73038]
Event: 1.713 Thread 0x000001c87d3168b0 1523       3       sun.nio.cs.UTF_8$Decoder::decodeArrayLoop (688 bytes)
Event: 1.718 Thread 0x000001c87d3168b0 nmethod 1523 0x000001c8002ccd10 code [0x000001c8002cd540, 0x000001c8002d26b8]

GC Heap History (11 events):
Event: 1.277 GC heap before
{Heap before GC invocations=0 (full 0):
 garbage-first heap   total 126976K, used 23552K [0x0000000084200000, 0x0000000100000000)
  region size 1024K, 23 young (23552K), 0 survivors (0K)
 Metaspace       used 8683K, committed 8832K, reserved 1114112K
  class space    used 991K, committed 1024K, reserved 1048576K
}
Event: 1.285 GC heap after
{Heap after GC invocations=1 (full 0):
 garbage-first heap   total 126976K, used 8032K [0x0000000084200000, 0x0000000100000000)
  region size 1024K, 3 young (3072K), 3 survivors (3072K)
 Metaspace       used 8683K, committed 8832K, reserved 1114112K
  class space    used 991K, committed 1024K, reserved 1048576K
}
Event: 1.438 GC heap before
{Heap before GC invocations=1 (full 0):
 garbage-first heap   total 126976K, used 32608K [0x0000000084200000, 0x0000000100000000)
  region size 1024K, 28 young (28672K), 3 survivors (3072K)
 Metaspace       used 9881K, committed 10112K, reserved 1114112K
  class space    used 1093K, committed 1216K, reserved 1048576K
}
Event: 1.445 GC heap after
{Heap after GC invocations=2 (full 0):
 garbage-first heap   total 126976K, used 9771K [0x0000000084200000, 0x0000000100000000)
  region size 1024K, 2 young (2048K), 2 survivors (2048K)
 Metaspace       used 9881K, committed 10112K, reserved 1114112K
  class space    used 1093K, committed 1216K, reserved 1048576K
}
Event: 1.542 GC heap before
{Heap before GC invocations=2 (full 0):
 garbage-first heap   total 126976K, used 81451K [0x0000000084200000, 0x0000000100000000)
  region size 1024K, 72 young (73728K), 2 survivors (2048K)
 Metaspace       used 9936K, committed 10176K, reserved 1114112K
  class space    used 1094K, committed 1216K, reserved 1048576K
}
Event: 1.555 GC heap after
{Heap after GC invocations=3 (full 0):
 garbage-first heap   total 126976K, used 13758K [0x0000000084200000, 0x0000000100000000)
  region size 1024K, 6 young (6144K), 6 survivors (6144K)
 Metaspace       used 9936K, committed 10176K, reserved 1114112K
  class space    used 1094K, committed 1216K, reserved 1048576K
}
Event: 1.617 GC heap before
{Heap before GC invocations=3 (full 0):
 garbage-first heap   total 126976K, used 84414K [0x0000000084200000, 0x0000000100000000)
  region size 1024K, 74 young (75776K), 6 survivors (6144K)
 Metaspace       used 10048K, committed 10240K, reserved 1114112K
  class space    used 1105K, committed 1216K, reserved 1048576K
}
Event: 1.634 GC heap after
{Heap after GC invocations=4 (full 0):
 garbage-first heap   total 126976K, used 19632K [0x0000000084200000, 0x0000000100000000)
  region size 1024K, 9 young (9216K), 9 survivors (9216K)
 Metaspace       used 10048K, committed 10240K, reserved 1114112K
  class space    used 1105K, committed 1216K, reserved 1048576K
}
Event: 1.667 GC heap before
{Heap before GC invocations=4 (full 0):
 garbage-first heap   total 126976K, used 86192K [0x0000000084200000, 0x0000000100000000)
  region size 1024K, 74 young (75776K), 9 survivors (9216K)
 Metaspace       used 10071K, committed 10240K, reserved 1114112K
  class space    used 1105K, committed 1216K, reserved 1048576K
}
Event: 1.686 GC heap after
{Heap after GC invocations=5 (full 0):
 garbage-first heap   total 126976K, used 23262K [0x0000000084200000, 0x0000000100000000)
  region size 1024K, 9 young (9216K), 9 survivors (9216K)
 Metaspace       used 10071K, committed 10240K, reserved 1114112K
  class space    used 1105K, committed 1216K, reserved 1048576K
}
Event: 1.720 GC heap before
{Heap before GC invocations=5 (full 0):
 garbage-first heap   total 126976K, used 89822K [0x0000000084200000, 0x0000000100000000)
  region size 1024K, 74 young (75776K), 9 survivors (9216K)
 Metaspace       used 10073K, committed 10240K, reserved 1114112K
  class space    used 1105K, committed 1216K, reserved 1048576K
}

Dll operation events (7 events):
Event: 0.008 Loaded shared library C:\Program Files\Java\jdk-19\bin\java.dll
Event: 0.018 Loaded shared library C:\Program Files\Java\jdk-19\bin\jsvml.dll
Event: 0.051 Loaded shared library C:\Program Files\Java\jdk-19\bin\net.dll
Event: 0.052 Loaded shared library C:\Program Files\Java\jdk-19\bin\nio.dll
Event: 0.056 Loaded shared library C:\Program Files\Java\jdk-19\bin\zip.dll
Event: 0.065 Loaded shared library C:\Program Files\Java\jdk-19\bin\jimage.dll
Event: 1.170 Loaded shared library C:\Program Files\Java\jdk-19\bin\verify.dll

Deoptimization events (20 events):
Event: 1.641 Thread 0x000001c86bbbd800 DEOPT PACKING pc=0x000001c80020ad57 sp=0x00000062eecfe180
Event: 1.641 Thread 0x000001c86bbbd800 DEOPT UNPACKING pc=0x000001c80759b0e3 sp=0x00000062eecfd600 mode 0
Event: 1.642 Thread 0x000001c86bbbd800 DEOPT PACKING pc=0x000001c80020ad57 sp=0x00000062eecfe180
Event: 1.642 Thread 0x000001c86bbbd800 DEOPT UNPACKING pc=0x000001c80759b0e3 sp=0x00000062eecfd600 mode 0
Event: 1.643 Thread 0x000001c86bbbd800 DEOPT PACKING pc=0x000001c80020ad57 sp=0x00000062eecfe180
Event: 1.643 Thread 0x000001c86bbbd800 DEOPT UNPACKING pc=0x000001c80759b0e3 sp=0x00000062eecfd600 mode 0
Event: 1.644 Thread 0x000001c86bbbd800 DEOPT PACKING pc=0x000001c80020ad57 sp=0x00000062eecfdff0
Event: 1.644 Thread 0x000001c86bbbd800 DEOPT UNPACKING pc=0x000001c80759b0e3 sp=0x00000062eecfd470 mode 0
Event: 1.645 Thread 0x000001c86bbbd800 DEOPT PACKING pc=0x000001c80020ad57 sp=0x00000062eecfdff0
Event: 1.646 Thread 0x000001c86bbbd800 DEOPT UNPACKING pc=0x000001c80759b0e3 sp=0x00000062eecfd470 mode 0
Event: 1.647 Thread 0x000001c86bbbd800 DEOPT PACKING pc=0x000001c80020ad57 sp=0x00000062eecfdff0
Event: 1.647 Thread 0x000001c86bbbd800 DEOPT UNPACKING pc=0x000001c80759b0e3 sp=0x00000062eecfd470 mode 0
Event: 1.648 Thread 0x000001c86bbbd800 DEOPT PACKING pc=0x000001c80020ad57 sp=0x00000062eecfdff0
Event: 1.648 Thread 0x000001c86bbbd800 DEOPT UNPACKING pc=0x000001c80759b0e3 sp=0x00000062eecfd470 mode 0
Event: 1.713 Thread 0x000001c86bbbd800 Uncommon trap: trap_request=0xffffff45 fr.pc=0x000001c807b5b2b0 relative=0x0000000000000990
Event: 1.713 Thread 0x000001c86bbbd800 Uncommon trap: reason=unstable_if action=reinterpret pc=0x000001c807b5b2b0 method=sun.nio.cs.UTF_8$Decoder.decodeArrayLoop(Ljava/nio/ByteBuffer;Ljava/nio/CharBuffer;)Ljava/nio/charset/CoderResult; @ 277 c2
Event: 1.713 Thread 0x000001c86bbbd800 DEOPT PACKING pc=0x000001c807b5b2b0 sp=0x00000062eecfe0a0
Event: 1.713 Thread 0x000001c86bbbd800 DEOPT UNPACKING pc=0x000001c80759a5a3 sp=0x00000062eecfdff8 mode 2
Event: 1.719 Thread 0x000001c86bbbd800 DEOPT PACKING pc=0x000001c8002d1a84 sp=0x00000062eecfdfa0
Event: 1.719 Thread 0x000001c86bbbd800 DEOPT UNPACKING pc=0x000001c80759b0e3 sp=0x00000062eecfd4f8 mode 0

Classes loaded (20 events):
Event: 1.600 Loading class sun/text/resources/BreakIteratorInfo
Event: 1.600 Loading class sun/text/resources/BreakIteratorInfo done
Event: 1.600 Loading class sun/text/resources/BreakIteratorResources
Event: 1.600 Loading class sun/util/resources/BreakIteratorResourceBundle
Event: 1.600 Loading class sun/util/resources/BreakIteratorResourceBundle done
Event: 1.600 Loading class sun/text/resources/BreakIteratorResources done
Event: 1.600 Loading class sun/text/resources/BreakIteratorResources_en
Event: 1.600 Loading class sun/text/resources/BreakIteratorResources_en done
Event: 1.601 Loading class sun/text/RuleBasedBreakIterator
Event: 1.601 Loading class sun/text/RuleBasedBreakIterator done
Event: 1.602 Loading class sun/text/CompactByteArray
Event: 1.602 Loading class sun/text/CompactByteArray done
Event: 1.602 Loading class sun/text/SupplementaryCharacterData
Event: 1.602 Loading class sun/text/SupplementaryCharacterData done
Event: 1.602 Loading class java/text/BreakIterator$BreakIteratorCache
Event: 1.602 Loading class java/text/BreakIterator$BreakIteratorCache done
Event: 1.603 Loading class java/text/StringCharacterIterator
Event: 1.603 Loading class java/text/CharacterIterator
Event: 1.603 Loading class java/text/CharacterIterator done
Event: 1.603 Loading class java/text/StringCharacterIterator done

Classes unloaded (0 events):
No events

Classes redefined (0 events):
No events

Internal exceptions (11 events):
Event: 0.298 Thread 0x000001c86bbbd800 Exception <a 'java/lang/ClassNotFoundException'{0x000000008b554f48}: javax/smartcardio/CardPermission> (0x000000008b554f48) 
thrown [s\open\src\hotspot\share\classfile\systemDictionary.cpp, line 255]
Event: 0.301 Thread 0x000001c86bbbd800 Exception <a 'java/io/FileNotFoundException'{0x000000008b5635d8}> (0x000000008b5635d8) 
thrown [s\open\src\hotspot\share\prims\jni.cpp, line 517]
Event: 0.349 Thread 0x000001c86bbbd800 Exception <a 'java/lang/NoSuchMethodError'{0x000000008b464ac8}: 'void java.lang.invoke.DirectMethodHandle$Holder.invokeStatic(java.lang.Object, java.lang.Object, java.lang.Object)'> (0x000000008b464ac8) 
thrown [s\open\src\hotspot\share\interpreter\linkResolver.cpp, line 774]
Event: 0.508 Thread 0x000001c86bbbd800 Exception <a 'java/lang/NoSuchMethodError'{0x000000008b20bbd8}: 'void java.lang.invoke.DirectMethodHandle$Holder.invokeSpecialIFC(java.lang.Object, java.lang.Object, java.lang.Object, java.lang.Object, java.lang.Object)'> (0x000000008b20bbd8) 
thrown [s\open\src\hotspot\share\interpreter\linkResolver.cpp, line 774]
Event: 0.509 Thread 0x000001c86bbbd800 Exception <a 'java/lang/NoSuchMethodError'{0x000000008b213f30}: 'void java.lang.invoke.DirectMethodHandle$Holder.invokeStatic(java.lang.Object, java.lang.Object, java.lang.Object, java.lang.Object)'> (0x000000008b213f30) 
thrown [s\open\src\hotspot\share\interpreter\linkResolver.cpp, line 774]
Event: 0.510 Thread 0x000001c86bbbd800 Exception <a 'java/lang/NoSuchMethodError'{0x000000008b21cf88}: 'int java.lang.invoke.DirectMethodHandle$Holder.invokeSpecial(java.lang.Object, java.lang.Object, java.lang.Object)'> (0x000000008b21cf88) 
thrown [s\open\src\hotspot\share\interpreter\linkResolver.cpp, line 774]
Event: 0.540 Thread 0x000001c86bbbd800 Exception <a 'java/lang/NoSuchMethodError'{0x000000008b2c3da8}: 'java.lang.Object java.lang.invoke.DirectMethodHandle$Holder.invokeStaticInit(java.lang.Object, java.lang.Object, java.lang.Object)'> (0x000000008b2c3da8) 
thrown [s\open\src\hotspot\share\interpreter\linkResolver.cpp, line 774]
Event: 1.182 Thread 0x000001c86bbbd800 Exception <a 'java/lang/NoClassDefFoundError'{0x000000008a807a48}: org/apache/log4j/Priority> (0x000000008a807a48) 
thrown [s\open\src\hotspot\share\classfile\systemDictionary.cpp, line 244]
Event: 1.207 Thread 0x000001c86bbbd800 Exception <a 'java/lang/ClassNotFoundException'{0x000000008a87c4e8}: com/sun/org/apache/xerces/internal/impl/xpath/regex/spi/messageProvider> (0x000000008a87c4e8) 
thrown [s\open\src\hotspot\share\classfile\systemDictionary.cpp, line 255]
Event: 1.392 Thread 0x000001c86bbbd800 Exception <a 'java/lang/NoSuchMethodError'{0x000000008bae4ca0}: 'java.lang.Object java.lang.invoke.DirectMethodHandle$Holder.invokeInterface(java.lang.Object, java.lang.Object)'> (0x000000008bae4ca0) 
thrown [s\open\src\hotspot\share\interpreter\linkResolver.cpp, line 774]
Event: 1.392 Thread 0x000001c86bbbd800 Exception <a 'java/lang/IncompatibleClassChangeError'{0x000000008bae81f0}: Found class java.lang.Object, but interface was expected> (0x000000008bae81f0) 
thrown [s\open\src\hotspot\share\interpreter\linkResolver.cpp, line 841]

VM Operations (20 events):
Event: 1.143 Executing VM operation: ThreadDump done
Event: 1.228 Executing VM operation: HandshakeAllThreads
Event: 1.228 Executing VM operation: HandshakeAllThreads done
Event: 1.246 Executing VM operation: HandshakeAllThreads
Event: 1.246 Executing VM operation: HandshakeAllThreads done
Event: 1.247 Executing VM operation: HandshakeAllThreads
Event: 1.247 Executing VM operation: HandshakeAllThreads done
Event: 1.277 Executing VM operation: G1CollectForAllocation
Event: 1.285 Executing VM operation: G1CollectForAllocation done
Event: 1.286 Executing VM operation: HandshakeAllThreads
Event: 1.286 Executing VM operation: HandshakeAllThreads done
Event: 1.438 Executing VM operation: G1CollectForAllocation
Event: 1.445 Executing VM operation: G1CollectForAllocation done
Event: 1.542 Executing VM operation: G1CollectForAllocation
Event: 1.555 Executing VM operation: G1CollectForAllocation done
Event: 1.616 Executing VM operation: G1CollectForAllocation
Event: 1.634 Executing VM operation: G1CollectForAllocation done
Event: 1.667 Executing VM operation: G1CollectForAllocation
Event: 1.686 Executing VM operation: G1CollectForAllocation done
Event: 1.720 Executing VM operation: G1CollectForAllocation

Events (15 events):
Event: 0.018 Thread 0x000001c86bbbd800 Thread added: 0x000001c86bbbd800
Event: 0.028 Thread 0x000001c87d30cb50 Thread added: 0x000001c87d30cb50
Event: 0.028 Thread 0x000001c87d30d740 Thread added: 0x000001c87d30d740
Event: 0.029 Thread 0x000001c87d30e420 Thread added: 0x000001c87d30e420
Event: 0.029 Thread 0x000001c87d3105f0 Thread added: 0x000001c87d3105f0
Event: 0.029 Thread 0x000001c87d311010 Thread added: 0x000001c87d311010
Event: 0.029 Thread 0x000001c87d313a40 Thread added: 0x000001c87d313a40
Event: 0.029 Thread 0x000001c87d314790 Thread added: 0x000001c87d314790
Event: 0.029 Thread 0x000001c87d3168b0 Thread added: 0x000001c87d3168b0
Event: 0.029 Thread 0x000001c87d324d10 Thread added: 0x000001c87d324d10
Event: 0.044 Thread 0x000001c87d5552b0 Thread added: 0x000001c87d5552b0
Event: 0.047 Thread 0x000001c87d55e290 Thread added: 0x000001c87d55e290
Event: 0.276 Thread 0x000001c87db44780 Thread added: 0x000001c87db44780
Event: 1.142 Thread 0x000001c87e255680 Thread added: 0x000001c87e255680
Event: 1.151 Thread 0x000001c87e344de0 Thread added: 0x000001c87e344de0


Dynamic libraries:
0x00007ff7b10e0000 - 0x00007ff7b10f0000 	C:\Program Files\Java\jdk-19\bin\java.exe
0x00007ffe13e10000 - 0x00007ffe14027000 	C:\WINDOWS\SYSTEM32\ntdll.dll
0x00007ffe13010000 - 0x00007ffe130d4000 	C:\WINDOWS\System32\KERNEL32.DLL
0x00007ffe112a0000 - 0x00007ffe1165a000 	C:\WINDOWS\System32\KERNELBASE.dll
0x00007ffe11800000 - 0x00007ffe11911000 	C:\WINDOWS\System32\ucrtbase.dll
0x00007ffda1580000 - 0x00007ffda159b000 	C:\Program Files\Java\jdk-19\bin\VCRUNTIME140.dll
0x00007ffda2840000 - 0x00007ffda2858000 	C:\Program Files\Java\jdk-19\bin\jli.dll
0x00007ffe12c70000 - 0x00007ffe12d22000 	C:\WINDOWS\System32\ADVAPI32.dll
0x00007ffe11bb0000 - 0x00007ffe11c57000 	C:\WINDOWS\System32\msvcrt.dll
0x00007ffe11b00000 - 0x00007ffe11ba7000 	C:\WINDOWS\System32\sechost.dll
0x00007ffe117d0000 - 0x00007ffe117f8000 	C:\WINDOWS\System32\bcrypt.dll
0x00007ffe12d30000 - 0x00007ffe12e44000 	C:\WINDOWS\System32\RPCRT4.dll
0x00007ffe130e0000 - 0x00007ffe1328e000 	C:\WINDOWS\System32\USER32.dll
0x00007ffe110d0000 - 0x00007ffe110f6000 	C:\WINDOWS\System32\win32u.dll
0x00007ffde31c0000 - 0x00007ffde3452000 	C:\WINDOWS\WinSxS\amd64_microsoft.windows.common-controls_6595b64144ccf1df_6.0.22621.4541_none_2710d1c57384c085\COMCTL32.dll
0x00007ffe13da0000 - 0x00007ffe13dc9000 	C:\WINDOWS\System32\GDI32.dll
0x00007ffe11920000 - 0x00007ffe11a3b000 	C:\WINDOWS\System32\gdi32full.dll
0x00007ffe11100000 - 0x00007ffe1119a000 	C:\WINDOWS\System32\msvcp_win.dll
0x00007ffe0c2e0000 - 0x00007ffe0c2ea000 	C:\WINDOWS\SYSTEM32\VERSION.dll
0x00007ffe13d60000 - 0x00007ffe13d91000 	C:\WINDOWS\System32\IMM32.DLL
0x00007ffdf8460000 - 0x00007ffdf846c000 	C:\Program Files\Java\jdk-19\bin\vcruntime140_1.dll
0x00007ffda0d00000 - 0x00007ffda0d8e000 	C:\Program Files\Java\jdk-19\bin\msvcp140.dll
0x00007ffdde7d0000 - 0x00007ffddf490000 	C:\Program Files\Java\jdk-19\bin\server\jvm.dll
0x00007ffdead30000 - 0x00007ffdead39000 	C:\WINDOWS\SYSTEM32\WSOCK32.dll
0x00007ffe13b20000 - 0x00007ffe13b91000 	C:\WINDOWS\System32\WS2_32.dll
0x00007ffe0a6d0000 - 0x00007ffe0a704000 	C:\WINDOWS\SYSTEM32\WINMM.dll
0x00007ffe100e0000 - 0x00007ffe100f8000 	C:\WINDOWS\SYSTEM32\kernel.appcore.dll
0x00007ffdde170000 - 0x00007ffdde17a000 	C:\Program Files\Java\jdk-19\bin\jimage.dll
0x00007ffe0e2b0000 - 0x00007ffe0e4e2000 	C:\WINDOWS\SYSTEM32\DBGHELP.DLL
0x00007ffe13290000 - 0x00007ffe13621000 	C:\WINDOWS\System32\combase.dll
0x00007ffe12f30000 - 0x00007ffe13007000 	C:\WINDOWS\System32\OLEAUT32.dll
0x00007ffdee980000 - 0x00007ffdee9b2000 	C:\WINDOWS\SYSTEM32\dbgcore.DLL
0x00007ffe111a0000 - 0x00007ffe1121b000 	C:\WINDOWS\System32\bcryptPrimitives.dll
0x00007ffdde1e0000 - 0x00007ffdde206000 	C:\Program Files\Java\jdk-19\bin\java.dll
0x00007ffdddb00000 - 0x00007ffdddbd7000 	C:\Program Files\Java\jdk-19\bin\jsvml.dll
0x00007ffe123e0000 - 0x00007ffe12c59000 	C:\WINDOWS\System32\SHELL32.dll
0x00007ffe0efc0000 - 0x00007ffe0f8c9000 	C:\WINDOWS\SYSTEM32\windows.storage.dll
0x00007ffe0ee80000 - 0x00007ffe0efbf000 	C:\WINDOWS\SYSTEM32\wintypes.dll
0x00007ffe11e10000 - 0x00007ffe11f0a000 	C:\WINDOWS\System32\SHCORE.dll
0x00007ffe13650000 - 0x00007ffe136ae000 	C:\WINDOWS\System32\shlwapi.dll
0x00007ffe11000000 - 0x00007ffe1102b000 	C:\WINDOWS\SYSTEM32\profapi.dll
0x00007ffdd9700000 - 0x00007ffdd9713000 	C:\Program Files\Java\jdk-19\bin\net.dll
0x00007ffe0d8e0000 - 0x00007ffe0da16000 	C:\WINDOWS\SYSTEM32\WINHTTP.dll
0x00007ffe10570000 - 0x00007ffe105d9000 	C:\WINDOWS\system32\mswsock.dll
0x00007ffdd96e0000 - 0x00007ffdd96f6000 	C:\Program Files\Java\jdk-19\bin\nio.dll
0x00007ffdd96c0000 - 0x00007ffdd96d8000 	C:\Program Files\Java\jdk-19\bin\zip.dll
0x00007ffdf7910000 - 0x00007ffdf7920000 	C:\Program Files\Java\jdk-19\bin\verify.dll

dbghelp: loaded successfully - version: 4.0.5 - missing functions: none
symbol engine: initialized successfully - sym options: 0x614 - pdb path: .;C:\Program Files\Java\jdk-19\bin;C:\WINDOWS\SYSTEM32;C:\WINDOWS\WinSxS\amd64_microsoft.windows.common-controls_6595b64144ccf1df_6.0.22621.4541_none_2710d1c57384c085;C:\Program Files\Java\jdk-19\bin\server

VM Arguments:
java_command: org.languagetool.server.HTTPServer -p 8081
java_class_path (initial): C:\Users\91703\.cache\language_tool_python\LanguageTool-6.4\languagetool-server.jar
Launcher Type: SUN_STANDARD

[Global flags]
     intx CICompilerCount                          = 4                                         {product} {ergonomic}
     uint ConcGCThreads                            = 2                                         {product} {ergonomic}
     uint G1ConcRefinementThreads                  = 8                                         {product} {ergonomic}
   size_t G1HeapRegionSize                         = 1048576                                   {product} {ergonomic}
    uintx GCDrainStackTargetSize                   = 64                                        {product} {ergonomic}
   size_t InitialHeapSize                          = 130023424                                 {product} {ergonomic}
   size_t MarkStackSize                            = 4194304                                   {product} {ergonomic}
   size_t MaxHeapSize                              = 2078277632                                {product} {ergonomic}
   size_t MaxNewSize                               = 1246756864                                {product} {ergonomic}
   size_t MinHeapDeltaBytes                        = 1048576                                   {product} {ergonomic}
   size_t MinHeapSize                              = 8388608                                   {product} {ergonomic}
    uintx NonNMethodCodeHeapSize                   = 5839372                                {pd product} {ergonomic}
    uintx NonProfiledCodeHeapSize                  = 122909434                              {pd product} {ergonomic}
    uintx ProfiledCodeHeapSize                     = 122909434                              {pd product} {ergonomic}
    uintx ReservedCodeCacheSize                    = 251658240                              {pd product} {ergonomic}
     bool SegmentedCodeCache                       = true                                      {product} {ergonomic}
   size_t SoftMaxHeapSize                          = 2078277632                             {manageable} {ergonomic}
     bool UseCompressedClassPointers               = true                           {product lp64_product} {ergonomic}
     bool UseCompressedOops                        = true                           {product lp64_product} {ergonomic}
     bool UseG1GC                                  = true                                      {product} {ergonomic}
     bool UseLargePagesIndividualAllocation        = false                                  {pd product} {ergonomic}

Logging:
Log output configuration:
 #0: stdout all=warning uptime,level,tags foldmultilines=false
 #1: stderr all=off uptime,level,tags foldmultilines=false

Environment Variables:
JAVA_HOME=C:\Program Files\Java\jdk-19
PATH=E:\text_extraction_project\venv\Lib\site-packages\cv2\../../x64/vc14/bin;E:\text_extraction_project\venv\Scripts;C:\Oracle_21c\WINDOWS.X64_213000_db_home\bin;C:\app\prasadBommi\product\21c\dbhomeXE\bin;C:\Program Files\Common Files\Oracle\Java\javapath;C:\Program Files\Python310\Scripts\;C:\Program Files\Python310\;C:\WINDOWS\system32;C:\WINDOWS;C:\WINDOWS\System32\Wbem;C:\WINDOWS\System32\WindowsPowerShell\v1.0\;C:\WINDOWS\System32\OpenSSH\;C:\Program Files\dotnet\;C:\MinGW\bin;C:\Program Files\Java\jdk-19\bin;C:\Program Files\MySQL\MySQL Server 8.0\bin;D:\nodejs\;C:\Program Files\Git\cmd;C:\ProgramData\chocolatey\bin;C:\Users\91703\AppData\Local\Programs\Python\Python311;C:\Users\91703\AppData\Local\Programs\Python\Python311\Scripts;C:\Program Files\Tesseract-OCR\;C:\Users\91703\AppData\Local\Programs\Python\Python313\Scripts\;C:\Users\91703\AppData\Local\Programs\Python\Python313\;C:\Oracle_21c\WINDOWS.X64_213000_db_home\bin;C:\app\prasadBommi\product\21c\dbhomeXE\bin;C:\Program Files\Common Files\Oracle\Java\javapath;C:\Program Files\Python310\Scripts\;C:\Program Files\Python310\;C:\WINDOWS\system32;C:\WINDOWS;C:\WINDOWS\System32\Wbem;C:\WINDOWS\System32\WindowsPowerShell\v1.0\;C:\WINDOWS\System32\OpenSSH\;C:\Program Files\dotnet\;C:\MinGW\bin;C:\Program Files\Java\jdk-19\bin;C:\Program Files\MySQL\MySQL Server 8.0\bin;D:\nodejs\;C:\Program Files\Git\cmd;C:\ProgramData\chocolatey\bin;C:\Users\91703\AppData\Local\Programs\Python\Python311;C:\Users\91703\AppData\Local\Programs\Python\Python311\Scripts;C:\Program Files\Tesseract-OCR\;;C:\Users\91703\AppData\Local\Programs\Python\Python311;C:\Users\91703\AppData\Local\Programs\Python\Python311\Scripts;C:\Users\91703\AppData\Local\Programs\Microsoft VS Code\bin;C:\Program Files\Tesseract-OCR;
USERNAME=prasadBommi
OS=Windows_NT
PROCESSOR_IDENTIFIER=Intel64 Family 6 Model 140 Stepping 1, GenuineIntel
TMP=C:\Users\91703\AppData\Local\Temp
TEMP=C:\Users\91703\AppData\Local\Temp



---------------  S Y S T E M  ---------------

OS:
 Windows 11 , 64 bit Build 22621 (10.0.22621.4391)
OS uptime: 13 days 10:38 hours
Hyper-V role detected

CPU: total 8 (initial active 8) (4 cores per cpu, 2 threads per core) family 6 model 140 stepping 1 microcode 0xb8, cx8, cmov, fxsr, ht, mmx, 3dnowpref, sse, sse2, sse3, ssse3, sse4.1, sse4.2, popcnt, lzcnt, tsc, tscinvbit, avx, avx2, aes, erms, clmul, bmi1, bmi2, adx, avx512f, avx512dq, avx512cd, avx512bw, avx512vl, sha, fma, vzeroupper, avx512_vpopcntdq, avx512_vpclmulqdq, avx512_vaes, avx512_vnni, clflush, clflushopt, clwb, avx512_vbmi2, avx512_vbmi, hv, rdtscp, rdpid, fsrm, gfni, avx512_bitalg

Memory: 4k page, system-wide physical 7926M (465M free)
TotalPageFile size 32502M (AvailPageFile size 24M)
current process WorkingSet (physical memory assigned to process): 162M, peak: 162M
current process commit charge ("private bytes"): 234M, peak: 405M

vm_info: Java HotSpot(TM) 64-Bit Server VM (19.0.2+7-44) for windows-amd64 JRE (19.0.2+7-44), built on 2022-11-30T18:02:09Z by "mach5one" with MS VC++ 17.1 (VS2022)

END.
